GET / 200
GET /favicon.ico 404
GET /movie/5acf3366bec17d0a14d0af2c 200
GET /css/bootstrap.min.css.map 404
GET /movie/5acf06ac6340b7379427a542 500
GET /css/bootstrap.min.css.map 404
GET /movie/5acf06ac6340b7379427a542 500
GET /css/bootstrap.min.css.map 404
GET /movie/5acf30e1bec17d0a14d0af2b 500
GET / 304
GET /css/bootstrap.min.css.map 404
GET /movie/5acf06ac6340b7379427a542 500
GET /css/bootstrap.min.css.map 404
GET /admin/userlist 302
GET /signin 200
GET /css/bootstrap.min.css.map 404
GET / 304
GET /css/bootstrap.min.css.map 404
GET /movie/5acf2cdf6358264008efd71e 200
GET /css/bootstrap.min.css.map 404
GET /css/bootstrap.min.css.map 404
GET /movie/5aceff3296496b388cb93c88 500
GET /movie/5aceff3296496b388cb93c88 500
GET /movie/5aceff3296496b388cb93c88 500
GET /css/bootstrap.min.css.map 404
GET /movie/5acf2cdf6358264008efd71e 304
GET /css/bootstrap.min.css.map 404
GET /css/bootstrap.min.css.map 404
